di okt. 12 22:05:19 2021: Starting Cisco Packet Tracer 8.0.1.0064
di okt. 12 22:05:19 2021: engine/IPC/CCep.cpp(349):WARN  - Forced an exapp to be MANDATORY at run-time.
di okt. 12 22:05:19 2021: engine/IPC/CCep.cpp(349):WARN  - Forced an exapp to be MANDATORY at run-time.
di okt. 12 22:05:21 2021: engine/util/AnalyticsTracker.cpp(106):INFO  - setUsername - setting GA channel to NETSPACE: UA-56074537-2
di okt. 12 22:05:22 2021: Script Module starting: 
di okt. 12 22:05:22 2021: CPtmpServer started at port 39000
di okt. 12 22:05:22 2021: Script Module starting: net.netacad.cisco.ActivitySequenceEditor
di okt. 12 22:05:22 2021: Script Module starting: net.netacad.cisco.ActivitySequencer
di okt. 12 22:05:22 2021: Script Module starting: net.netacad.cisco.clearTerminalAgent
di okt. 12 22:05:22 2021: Script Module starting: net.netacad.cisco.Marvel
di okt. 12 22:05:22 2021: Script Module starting: net.netacad.cisco.PcSoftware
di okt. 12 22:05:22 2021: Script Module starting: net.netacad.cisco.PTINTERNAL
di okt. 12 22:05:23 2021: Script Module starting: net.netacad.cisco.resource
di okt. 12 22:05:23 2021: engine/IPC/CCep.cpp(349):WARN  - Forced an exapp to be MANDATORY at run-time.
di okt. 12 22:05:24 2021: gui/Common/CursorBank.cpp(52):INFO  - Cursor: ../art/Cursors/cOpenHand.png, Offset: 0 x 0, Size: 32 x 32, DPR: 2
di okt. 12 22:05:24 2021: gui/Common/CursorBank.cpp(52):INFO  - Cursor: ../art/Cursors/cClosedHand.png, Offset: 0 x 0, Size: 32 x 32, DPR: 2
di okt. 12 22:05:24 2021: gui/Common/CursorBank.cpp(52):INFO  - Cursor: ../art/Cursors/cConnect.svg, Offset: 5 x 5, Size: 32 x 32, DPR: 2
di okt. 12 22:05:24 2021: gui/Common/CursorBank.cpp(52):INFO  - Cursor: ../art/Cursors/cTargetX.svg, Offset: 8 x 8, Size: 32 x 32, DPR: 2
di okt. 12 22:05:24 2021: gui/Common/CursorBank.cpp(52):INFO  - Cursor: ../art/Cursors/cAddDevice.svg, Offset: 8 x 8, Size: 32 x 32, DPR: 2
di okt. 12 22:05:24 2021: gui/Common/CursorBank.cpp(52):INFO  - Cursor: ../art/Cursors/cInspect.svg, Offset: 8 x 8, Size: 32 x 32, DPR: 2
di okt. 12 22:05:24 2021: gui/Common/CursorBank.cpp(52):INFO  - Cursor: ../art/Cursors/cAddPacket.svg, Offset: 5 x 5, Size: 32 x 32, DPR: 2
di okt. 12 22:05:24 2021: gui/Common/CursorBank.cpp(52):INFO  - Cursor: ../art/Cursors/cResize.svg, Offset: 8 x 8, Size: 32 x 32, DPR: 2
di okt. 12 22:05:24 2021: gui/Common/CursorBank.cpp(52):INFO  - Cursor: ../art/Cursors/cPencil.svg, Offset: 8 x 8, Size: 32 x 32, DPR: 2
di okt. 12 22:05:24 2021: gui/Common/CursorBank.cpp(52):INFO  - Cursor: ../art/Cursors/cDrawingcross.svg, Offset: 8 x 8, Size: 32 x 32, DPR: 2
di okt. 12 22:05:24 2021: Changed device name:  to Router0
di okt. 12 22:05:24 2021: Changed device name:  to Power Distribution Device0
di okt. 12 22:05:24 2021: Created device: Power Distribution Device0 model: Power Distribution Device
di okt. 12 22:05:24 2021: Created device: Router0 model: ISR4331
di okt. 12 22:05:37 2021: Script Module stopping: File
di okt. 12 22:05:37 2021: Exiting
di okt. 12 22:05:37 2021: Saving options...
di okt. 12 22:05:37 2021: Options saved.
di okt. 12 22:05:37 2021: Script Module stopping: net.netacad.cisco.resource
di okt. 12 22:05:37 2021: Script Module stopping: net.netacad.cisco.PTINTERNAL
di okt. 12 22:05:37 2021: Script Module stopping: net.netacad.cisco.PcSoftware
di okt. 12 22:05:37 2021: Script Module stopping: net.netacad.cisco.Marvel
di okt. 12 22:05:37 2021: Script Module stopping: net.netacad.cisco.clearTerminalAgent
di okt. 12 22:05:37 2021: Script Module stopping: net.netacad.cisco.ActivitySequencer
di okt. 12 22:05:37 2021: Script Module stopping: net.netacad.cisco.ActivitySequenceEditor
di okt. 12 22:05:37 2021: ExApp disconnecting: net.netacad.cisco.ptseplayer
di okt. 12 22:05:37 2021: CPtmpServer stopped.
