do okt. 14 16:59:25 2021: Starting Cisco Packet Tracer 8.0.1.0064
do okt. 14 16:59:25 2021: engine/IPC/CCep.cpp(349):WARN  - Forced an exapp to be MANDATORY at run-time.
do okt. 14 16:59:25 2021: engine/IPC/CCep.cpp(349):WARN  - Forced an exapp to be MANDATORY at run-time.
do okt. 14 16:59:27 2021: engine/util/AnalyticsTracker.cpp(106):INFO  - setUsername - setting GA channel to NETSPACE: UA-56074537-2
do okt. 14 16:59:27 2021: Script Module starting: 
do okt. 14 16:59:28 2021: CPtmpServer started at port 39000
do okt. 14 16:59:28 2021: Script Module starting: net.netacad.cisco.ActivitySequenceEditor
do okt. 14 16:59:28 2021: Script Module starting: net.netacad.cisco.ActivitySequencer
do okt. 14 16:59:28 2021: Script Module starting: net.netacad.cisco.clearTerminalAgent
do okt. 14 16:59:28 2021: Script Module starting: net.netacad.cisco.Marvel
do okt. 14 16:59:28 2021: Script Module starting: net.netacad.cisco.PcSoftware
do okt. 14 16:59:28 2021: Script Module starting: net.netacad.cisco.PTINTERNAL
do okt. 14 16:59:28 2021: Script Module starting: net.netacad.cisco.resource
do okt. 14 16:59:28 2021: engine/IPC/CCep.cpp(349):WARN  - Forced an exapp to be MANDATORY at run-time.
do okt. 14 16:59:29 2021: gui/Common/CursorBank.cpp(52):INFO  - Cursor: ../art/Cursors/cOpenHand.png, Offset: 0 x 0, Size: 32 x 32, DPR: 2
do okt. 14 16:59:29 2021: gui/Common/CursorBank.cpp(52):INFO  - Cursor: ../art/Cursors/cClosedHand.png, Offset: 0 x 0, Size: 32 x 32, DPR: 2
do okt. 14 16:59:29 2021: gui/Common/CursorBank.cpp(52):INFO  - Cursor: ../art/Cursors/cConnect.svg, Offset: 5 x 5, Size: 32 x 32, DPR: 2
do okt. 14 16:59:29 2021: gui/Common/CursorBank.cpp(52):INFO  - Cursor: ../art/Cursors/cTargetX.svg, Offset: 8 x 8, Size: 32 x 32, DPR: 2
do okt. 14 16:59:29 2021: gui/Common/CursorBank.cpp(52):INFO  - Cursor: ../art/Cursors/cAddDevice.svg, Offset: 8 x 8, Size: 32 x 32, DPR: 2
do okt. 14 16:59:29 2021: gui/Common/CursorBank.cpp(52):INFO  - Cursor: ../art/Cursors/cInspect.svg, Offset: 8 x 8, Size: 32 x 32, DPR: 2
do okt. 14 16:59:29 2021: gui/Common/CursorBank.cpp(52):INFO  - Cursor: ../art/Cursors/cAddPacket.svg, Offset: 5 x 5, Size: 32 x 32, DPR: 2
do okt. 14 16:59:29 2021: gui/Common/CursorBank.cpp(52):INFO  - Cursor: ../art/Cursors/cResize.svg, Offset: 8 x 8, Size: 32 x 32, DPR: 2
do okt. 14 16:59:29 2021: gui/Common/CursorBank.cpp(52):INFO  - Cursor: ../art/Cursors/cPencil.svg, Offset: 8 x 8, Size: 32 x 32, DPR: 2
do okt. 14 16:59:29 2021: gui/Common/CursorBank.cpp(52):INFO  - Cursor: ../art/Cursors/cDrawingcross.svg, Offset: 8 x 8, Size: 32 x 32, DPR: 2
do okt. 14 16:59:30 2021: Changed device name:  to Router0
do okt. 14 16:59:30 2021: Changed device name:  to Power Distribution Device0
do okt. 14 16:59:30 2021: Created device: Power Distribution Device0 model: Power Distribution Device
do okt. 14 16:59:30 2021: Created device: Router0 model: ISR4331
do okt. 14 16:59:41 2021: Exiting
do okt. 14 16:59:41 2021: Saving options...
do okt. 14 16:59:41 2021: Options saved.
do okt. 14 16:59:41 2021: Script Module stopping: net.netacad.cisco.resource
do okt. 14 16:59:41 2021: Script Module stopping: net.netacad.cisco.PTINTERNAL
do okt. 14 16:59:41 2021: Script Module stopping: net.netacad.cisco.PcSoftware
do okt. 14 16:59:41 2021: Script Module stopping: net.netacad.cisco.Marvel
do okt. 14 16:59:41 2021: Script Module stopping: net.netacad.cisco.clearTerminalAgent
do okt. 14 16:59:41 2021: Script Module stopping: net.netacad.cisco.ActivitySequencer
do okt. 14 16:59:41 2021: Script Module stopping: net.netacad.cisco.ActivitySequenceEditor
do okt. 14 16:59:41 2021: ExApp disconnecting: net.netacad.cisco.ptseplayer
do okt. 14 16:59:41 2021: CPtmpServer stopped.
