vr okt. 8 10:47:57 2021: Starting Cisco Packet Tracer 8.0.1.0064
vr okt. 8 10:47:57 2021: engine/IPC/CCep.cpp(349):WARN  - Forced an exapp to be MANDATORY at run-time.
vr okt. 8 10:47:57 2021: engine/IPC/CCep.cpp(349):WARN  - Forced an exapp to be MANDATORY at run-time.
vr okt. 8 10:47:58 2021: engine/util/AnalyticsTracker.cpp(106):INFO  - setUsername - setting GA channel to NETSPACE: UA-56074537-2
vr okt. 8 10:47:59 2021: Script Module starting: 
vr okt. 8 10:47:59 2021: CPtmpServer started at port 39000
vr okt. 8 10:47:59 2021: Script Module starting: net.netacad.cisco.ActivitySequenceEditor
vr okt. 8 10:47:59 2021: Script Module starting: net.netacad.cisco.ActivitySequencer
vr okt. 8 10:47:59 2021: Script Module starting: net.netacad.cisco.clearTerminalAgent
vr okt. 8 10:47:59 2021: Script Module starting: net.netacad.cisco.Marvel
vr okt. 8 10:48:00 2021: Script Module starting: net.netacad.cisco.PcSoftware
vr okt. 8 10:48:00 2021: Script Module starting: net.netacad.cisco.PTINTERNAL
vr okt. 8 10:48:00 2021: Script Module starting: net.netacad.cisco.resource
vr okt. 8 10:48:00 2021: engine/IPC/CCep.cpp(349):WARN  - Forced an exapp to be MANDATORY at run-time.
vr okt. 8 10:48:10 2021: Saving to file: /Users/brian/Desktop/makeFolder/voorbeeld.pkt
vr okt. 8 10:48:10 2021: File saved successfully.
vr okt. 8 10:48:10 2021: Saving options...
vr okt. 8 10:48:10 2021: Options saved.
vr okt. 8 10:48:17 2021: File new
vr okt. 8 10:48:17 2021: Script Module stopping: File
vr okt. 8 10:48:17 2021: Script Module starting: File
vr okt. 8 10:48:17 2021: File new'd successfully.
vr okt. 8 10:48:20 2021: gui/Common/CursorBank.cpp(52):INFO  - Cursor: ../art/Cursors/cOpenHand.png, Offset: 0 x 0, Size: 32 x 32, DPR: 2
vr okt. 8 10:48:20 2021: gui/Common/CursorBank.cpp(52):INFO  - Cursor: ../art/Cursors/cClosedHand.png, Offset: 0 x 0, Size: 32 x 32, DPR: 2
vr okt. 8 10:48:20 2021: gui/Common/CursorBank.cpp(52):INFO  - Cursor: ../art/Cursors/cConnect.svg, Offset: 5 x 5, Size: 32 x 32, DPR: 2
vr okt. 8 10:48:20 2021: gui/Common/CursorBank.cpp(52):INFO  - Cursor: ../art/Cursors/cTargetX.svg, Offset: 8 x 8, Size: 32 x 32, DPR: 2
vr okt. 8 10:48:20 2021: gui/Common/CursorBank.cpp(52):INFO  - Cursor: ../art/Cursors/cAddDevice.svg, Offset: 8 x 8, Size: 32 x 32, DPR: 2
vr okt. 8 10:48:20 2021: gui/Common/CursorBank.cpp(52):INFO  - Cursor: ../art/Cursors/cInspect.svg, Offset: 8 x 8, Size: 32 x 32, DPR: 2
vr okt. 8 10:48:20 2021: gui/Common/CursorBank.cpp(52):INFO  - Cursor: ../art/Cursors/cAddPacket.svg, Offset: 5 x 5, Size: 32 x 32, DPR: 2
vr okt. 8 10:48:20 2021: gui/Common/CursorBank.cpp(52):INFO  - Cursor: ../art/Cursors/cResize.svg, Offset: 8 x 8, Size: 32 x 32, DPR: 2
vr okt. 8 10:48:20 2021: gui/Common/CursorBank.cpp(52):INFO  - Cursor: ../art/Cursors/cPencil.svg, Offset: 8 x 8, Size: 32 x 32, DPR: 2
vr okt. 8 10:48:20 2021: gui/Common/CursorBank.cpp(52):INFO  - Cursor: ../art/Cursors/cDrawingcross.svg, Offset: 8 x 8, Size: 32 x 32, DPR: 2
vr okt. 8 10:48:21 2021: Changed device name:  to Server0
vr okt. 8 10:48:21 2021: Changed device name:  to Power Distribution Device0
vr okt. 8 10:48:21 2021: Created device: Power Distribution Device0 model: Power Distribution Device
vr okt. 8 10:48:21 2021: Created device: Server0 model: Server-PT
vr okt. 8 10:51:21 2021: Changed device name:  to Router0
vr okt. 8 10:51:21 2021: Created device: Router0 model: ISR4331
vr okt. 8 12:02:22 2021: Link created: Server0 FastEthernet0 to Router0 GigabitEthernet0/0/0, 8101
vr okt. 8 13:07:39 2021: Exiting
vr okt. 8 13:07:39 2021: Saving options...
vr okt. 8 13:07:39 2021: Options saved.
vr okt. 8 13:07:39 2021: Script Module stopping: net.netacad.cisco.resource
vr okt. 8 13:07:39 2021: Script Module stopping: net.netacad.cisco.PTINTERNAL
vr okt. 8 13:07:39 2021: Script Module stopping: net.netacad.cisco.PcSoftware
vr okt. 8 13:07:39 2021: Script Module stopping: net.netacad.cisco.Marvel
vr okt. 8 13:07:39 2021: Script Module stopping: net.netacad.cisco.clearTerminalAgent
vr okt. 8 13:07:39 2021: Script Module stopping: net.netacad.cisco.ActivitySequencer
vr okt. 8 13:07:39 2021: Script Module stopping: net.netacad.cisco.ActivitySequenceEditor
vr okt. 8 13:07:39 2021: ExApp disconnecting: net.netacad.cisco.ptseplayer
vr okt. 8 13:07:39 2021: CPtmpServer stopped.
