di okt. 12 22:34:48 2021: Starting Cisco Packet Tracer 8.0.1.0064
di okt. 12 22:34:49 2021: engine/IPC/CCep.cpp(349):WARN  - Forced an exapp to be MANDATORY at run-time.
di okt. 12 22:34:49 2021: engine/IPC/CCep.cpp(349):WARN  - Forced an exapp to be MANDATORY at run-time.
di okt. 12 22:34:50 2021: engine/util/AnalyticsTracker.cpp(106):INFO  - setUsername - setting GA channel to NETSPACE: UA-56074537-2
di okt. 12 22:34:52 2021: Script Module starting: 
di okt. 12 22:34:52 2021: CPtmpServer started at port 39000
di okt. 12 22:34:52 2021: Script Module starting: net.netacad.cisco.ActivitySequenceEditor
di okt. 12 22:34:52 2021: Script Module starting: net.netacad.cisco.ActivitySequencer
di okt. 12 22:34:52 2021: Script Module starting: net.netacad.cisco.clearTerminalAgent
di okt. 12 22:34:52 2021: Script Module starting: net.netacad.cisco.Marvel
di okt. 12 22:34:52 2021: Script Module starting: net.netacad.cisco.PcSoftware
di okt. 12 22:34:52 2021: Script Module starting: net.netacad.cisco.PTINTERNAL
di okt. 12 22:34:53 2021: Script Module starting: net.netacad.cisco.resource
di okt. 12 22:34:53 2021: engine/IPC/CCep.cpp(349):WARN  - Forced an exapp to be MANDATORY at run-time.
di okt. 12 22:35:05 2021: gui/Common/CursorBank.cpp(52):INFO  - Cursor: ../art/Cursors/cOpenHand.png, Offset: 0 x 0, Size: 32 x 32, DPR: 2
di okt. 12 22:35:05 2021: gui/Common/CursorBank.cpp(52):INFO  - Cursor: ../art/Cursors/cClosedHand.png, Offset: 0 x 0, Size: 32 x 32, DPR: 2
di okt. 12 22:35:05 2021: gui/Common/CursorBank.cpp(52):INFO  - Cursor: ../art/Cursors/cConnect.svg, Offset: 5 x 5, Size: 32 x 32, DPR: 2
di okt. 12 22:35:05 2021: gui/Common/CursorBank.cpp(52):INFO  - Cursor: ../art/Cursors/cTargetX.svg, Offset: 8 x 8, Size: 32 x 32, DPR: 2
di okt. 12 22:35:05 2021: gui/Common/CursorBank.cpp(52):INFO  - Cursor: ../art/Cursors/cAddDevice.svg, Offset: 8 x 8, Size: 32 x 32, DPR: 2
di okt. 12 22:35:05 2021: gui/Common/CursorBank.cpp(52):INFO  - Cursor: ../art/Cursors/cInspect.svg, Offset: 8 x 8, Size: 32 x 32, DPR: 2
di okt. 12 22:35:05 2021: gui/Common/CursorBank.cpp(52):INFO  - Cursor: ../art/Cursors/cAddPacket.svg, Offset: 5 x 5, Size: 32 x 32, DPR: 2
di okt. 12 22:35:05 2021: gui/Common/CursorBank.cpp(52):INFO  - Cursor: ../art/Cursors/cResize.svg, Offset: 8 x 8, Size: 32 x 32, DPR: 2
di okt. 12 22:35:05 2021: gui/Common/CursorBank.cpp(52):INFO  - Cursor: ../art/Cursors/cPencil.svg, Offset: 8 x 8, Size: 32 x 32, DPR: 2
di okt. 12 22:35:05 2021: gui/Common/CursorBank.cpp(52):INFO  - Cursor: ../art/Cursors/cDrawingcross.svg, Offset: 8 x 8, Size: 32 x 32, DPR: 2
di okt. 12 22:35:06 2021: Changed device name:  to Server0
di okt. 12 22:35:06 2021: Changed device name:  to Power Distribution Device0
di okt. 12 22:35:06 2021: Created device: Power Distribution Device0 model: Power Distribution Device
di okt. 12 22:35:06 2021: Created device: Server0 model: Server-PT
di okt. 12 22:35:07 2021: Changed device name:  to PC0
di okt. 12 22:35:07 2021: Created device: PC0 model: PC-PT
di okt. 12 22:35:09 2021: Changed device name:  to PC1
di okt. 12 22:35:09 2021: Created device: PC1 model: PC-PT
di okt. 12 22:35:19 2021: Removed device: PC1
di okt. 12 22:35:25 2021: Changed device name:  to Router0
di okt. 12 22:35:25 2021: Created device: Router0 model: ISR4331
di okt. 12 22:35:34 2021: Changed device name:  to Switch0
di okt. 12 22:35:34 2021: Created device: Switch0 model: 2960-24TT
di okt. 12 22:35:40 2021: Link created: Switch0 FastEthernet0/1 to PC0 FastEthernet0, 8100
di okt. 12 22:35:42 2021: Link created: Switch0 FastEthernet0/2 to Server0 FastEthernet0, 8100
di okt. 12 22:37:18 2021: gui/DeviceConfig/Workstation/WorkstationWebView.cpp(50):INFO  - CWwvUrlInterceptor() - called
di okt. 12 22:37:45 2021: gui/DeviceConfig/Workstation/WorkstationWebView.cpp(50):INFO  - CWwvUrlInterceptor() - called
di okt. 12 22:40:05 2021: gui/DeviceConfig/Workstation/WorkstationWebView.cpp(50):INFO  - CWwvUrlInterceptor() - called
di okt. 12 22:41:52 2021: gui/DeviceConfig/Workstation/WorkstationWebView.cpp(50):INFO  - CWwvUrlInterceptor() - called
di okt. 12 22:42:46 2021: gui/DeviceConfig/Workstation/WorkstationWebView.cpp(50):INFO  - CWwvUrlInterceptor() - called
di okt. 12 22:44:53 2021: Script Module stopping: File
di okt. 12 22:44:53 2021: Exiting
di okt. 12 22:44:53 2021: Saving options...
di okt. 12 22:44:53 2021: Options saved.
di okt. 12 22:44:53 2021: Script Module stopping: net.netacad.cisco.resource
di okt. 12 22:44:53 2021: Script Module stopping: net.netacad.cisco.PTINTERNAL
di okt. 12 22:44:53 2021: Script Module stopping: net.netacad.cisco.PcSoftware
di okt. 12 22:44:53 2021: Script Module stopping: net.netacad.cisco.Marvel
di okt. 12 22:44:53 2021: Script Module stopping: net.netacad.cisco.clearTerminalAgent
di okt. 12 22:44:53 2021: Script Module stopping: net.netacad.cisco.ActivitySequencer
di okt. 12 22:44:53 2021: Script Module stopping: net.netacad.cisco.ActivitySequenceEditor
di okt. 12 22:44:53 2021: ExApp disconnecting: net.netacad.cisco.ptseplayer
di okt. 12 22:44:53 2021: CPtmpServer stopped.
